{:mean=>" 『リンゴ』;リンゴの木"}
 『リンゴ』;リンゴの木
{:mean=>" 『バナナ』;バナナの木 / 《米俗》ドル"}
 『バナナ』;バナナの木 / 《米俗》ドル
{:mean=>" 〈C〉英語アルファベットの第9字 / 〈C〉I字型[の物] / 〈U〉(ローマ数字の)1 / =I"}
 〈C〉英語アルファベットの第9字 / 〈C〉I字型[の物] / 〈U〉(ローマ数字の)1 / =I
{:mean=>" be動詞の一人称単数,直説法,現在形"}
 be動詞の一人称単数,直説法,現在形
{:mean=>" 〈C〉英語アルファベットの第1字 / 〈U〉(音階の)イ音,イ調 / 〈C〉《米》(学校の成績の)A / =A"}
 〈C〉英語アルファベットの第1字 / 〈U〉(音階の)イ音,イ調 / 〈C〉《米》(学校の成績の)A / =A
{:mean=>" 『女の子』,『少女』,娘,未婚の若い女性 / 女店員,女事務員,お手伝い / 《one's ~》《話》恋人,ガールフレンド / (一般的に)女(woman) / 《話》娘(daughter)"}
 『女の子』,『少女』,娘,未婚の若い女性 / 女店員,女事務員,お手伝い / 《one's ~》《話》恋人,ガールフレンド / (一般的に)女(woman) / 《話》娘(daughter)
{:mean=>" 《疑問文・否定文を作る》 / 《否定命令文を作る》 / 《助動詞とbe動詞のどちらも含まない文に用いて付加疑問を作る》 / 《強意語として》 / 《文》《助動詞とbe動詞のどちらも含まない文に用いて倒置文を作る》 / 《あいづちを打つ場合に》 / 《先行する動詞またはそれを含む述部の代用》 / 《so,nor,neitherで始まる簡略文で》 / …‘を'『する』,行う,果たす / 《通例have done,時にbe doneの形で》…‘を'『終える』,済ませる / …‘を'作る,作り出す / …‘を'『処理する』,整える,片付ける / 〈学課〉‘を'『勉強する』,専攻する / 〈利益・害など〉‘を'与える,もたらす / 〈人〉‘に'『役立つ』,用が足りる(serve) / …の速度で進む,距離を行く / …‘を'見物する / 〈劇〉‘を'上演する;…‘の'役を演じる / …の役目(仕事)をする / 《おもに英》…‘を'だます,かつぐ / 《話》…をへとへとにさせる / 『する』;活動する / 《通例have done,時にbe doneの形で》(…を)『終える』,済ます《+『with』+『名』》 / 〈事が〉『運ぶ』;〈人が〉暮らしていく,健康である / 〈物が〉(…に)『間に合う』,十分である;〈人が〉(…に)役に立つ,向く《+『for』+『名』》 / 《複数形で》すべきこと / 〈C〉《おもに英》大宴会,大パーティー / 〈C〉《英話》詐欺,ぺてん"}
 《疑問文・否定文を作る》 / 《否定命令文を作る》 / 《助動詞とbe動詞のどちらも含まない文に用いて付加疑問を作る》 / 《強意語として》 / 《文》《助動詞とbe動詞のどちらも含まない文に用いて倒置文を作る》 / 《あいづちを打つ場合に》 / 《先行する動詞またはそれを含む述部の代用》 / 《so,nor,neitherで始まる簡略文で》 / …‘を'『する』,行う,果たす / 《通例have done,時にbe doneの形で》…‘を'『終える』,済ませる / …‘を'作る,作り出す / …‘を'『処理する』,整える,片付ける / 〈学課〉‘を'『勉強する』,専攻する / 〈利益・害など〉‘を'与える,もたらす / 〈人〉‘に'『役立つ』,用が足りる(serve) / …の速度で進む,距離を行く / …‘を'見物する / 〈劇〉‘を'上演する;…‘の'役を演じる / …の役目(仕事)をする / 《おもに英》…‘を'だます,かつぐ / 《話》…をへとへとにさせる / 『する』;活動する / 《通例have done,時にbe doneの形で》(…を)『終える』,済ます《+『with』+『名』》 / 〈事が〉『運ぶ』;〈人が〉暮らしていく,健康である / 〈物が〉(…に)『間に合う』,十分である;〈人が〉(…に)役に立つ,向く《+『for』+『名』》 / 《複数形で》すべきこと / 〈C〉《おもに英》大宴会,大パーティー / 〈C〉《英話》詐欺,ぺてん
{:mean=>" 『あなた[がた]は(を)』,君[たち]は(を) / 《命令文》君[たち],皆さん / 《呼び掛け》君[たち],おまえ[たち] / 《一般に人を指して》人は(を)"}
 『あなた[がた]は(を)』,君[たち]は(を) / 《命令文》君[たち],皆さん / 《呼び掛け》君[たち],おまえ[たち] / 《一般に人を指して》人は(を)
{:mean=>" (事実として,また知識の上で)…‘を'『知る』,知っている;…‘を'覚えている / …‘を'『見て分かる』,織別できる,の見分けがつく;(…から)…を見て分かる《+『名』+『from』+『名』》 / (経験として)…‘を'『知る』 / 『知る』,知っている,分かっている / 熟知"}
 (事実として,また知識の上で)…‘を'『知る』,知っている;…‘を'覚えている / …‘を'『見て分かる』,織別できる,の見分けがつく;(…から)…を見て分かる《+『名』+『from』+『名』》 / (経験として)…‘を'『知る』 / 『知る』,知っている,分かっている / 熟知
{:mean=>" 『私を』(『に』) / 《話》『私』(=『I』)"}
 『私を』(『に』) / 《話》『私』(=『I』)
2015-12-05 23:18:03 +0900
2015-12-05 23:18:07 +0900
2015-12-05 23:18:32 +0900
2015-12-05 23:31:25 +0900
nil

2015-12-06 00:48:55 +0900
b4d3f6952b4f794977d240022cf851282ac93e51e5f1c7f1b73ba104a2c45de2
2015-12-06 00:49:25 +0900
c9ba03e749a129a6047cd6f6d3641bc91e406308630cc8db38cd8db58d4b1027
2015-12-06 01:40:44 +0900
835d471a4614f3832bb024a7b1be420c81d48dfcddb3ed92f9822da95d1fc2ac
